<?xml version="1.0" encoding="UTF-8"?>
<testng-results skipped="0" failed="0" ignored="0" total="1" passed="1">
  <reporter-output>
  </reporter-output>
  <suite name="Practice - Suite" duration-ms="6729" started-at="2019-06-29T18:37:04Z" finished-at="2019-06-29T18:37:11Z">
    <groups>
    </groups>
    <test name="Practice testcases" duration-ms="6729" started-at="2019-06-29T18:37:04Z" finished-at="2019-06-29T18:37:11Z">
      <class name="com.practice.qa.tests.LoginPageTest">
        <test-method status="PASS" signature="setup()[pri:0, instance:com.practice.qa.tests.LoginPageTest@ae45eb6]" name="setup" is-config="true" duration-ms="5020" started-at="2019-06-29T11:37:04Z" finished-at="2019-06-29T11:37:09Z">
          <reporter-output>
          </reporter-output>
        </test-method> <!-- setup -->
        <test-method status="PASS" signature="loginTest()[pri:0, instance:com.practice.qa.tests.LoginPageTest@ae45eb6]" name="loginTest" duration-ms="1060" started-at="2019-06-29T11:37:09Z" finished-at="2019-06-29T11:37:10Z">
          <reporter-output>
          </reporter-output>
        </test-method> <!-- loginTest -->
        <test-method status="PASS" signature="teardown()[pri:0, instance:com.practice.qa.tests.LoginPageTest@ae45eb6]" name="teardown" is-config="true" duration-ms="623" started-at="2019-06-29T11:37:10Z" finished-at="2019-06-29T11:37:11Z">
          <reporter-output>
          </reporter-output>
        </test-method> <!-- teardown -->
      </class> <!-- com.practice.qa.tests.LoginPageTest -->
    </test> <!-- Practice testcases -->
  </suite> <!-- Practice - Suite -->
</testng-results>
